<?xml version="1.0" ?>
<coverage version="7.11.1" timestamp="1762825349763" lines-valid="45" lines-covered="42" line-rate="0.9333" branches-covered="0" branches-valid="0" branch-rate="0" complexity="0">
	<!-- Generated by coverage.py: https://coverage.readthedocs.io/en/7.11.1 -->
	<!-- Based on https://raw.githubusercontent.com/cobertura/web/master/htdocs/xml/coverage-04.dtd -->
	<sources>
		<source>/Users/bsmith/bnjam/eo-processor</source>
	</sources>
	<packages>
		<package name="python.eo_processor" line-rate="0.9333" branch-rate="0" complexity="0">
			<classes>
				<class name="__init__.py" filename="python/eo_processor/__init__.py" complexity="0" line-rate="0.9333" branch-rate="0">
					<methods/>
					<lines>
						<line number="12" hits="1"/>
						<line number="33" hits="1"/>
						<line number="35" hits="1"/>
						<line number="59" hits="1"/>
						<line number="64" hits="1"/>
						<line number="67" hits="1"/>
						<line number="71" hits="1"/>
						<line number="74" hits="1"/>
						<line number="78" hits="1"/>
						<line number="81" hits="1"/>
						<line number="112" hits="1"/>
						<line number="113" hits="1"/>
						<line number="116" hits="1"/>
						<line number="134" hits="1"/>
						<line number="137" hits="1"/>
						<line number="155" hits="1"/>
						<line number="158" hits="1"/>
						<line number="180" hits="1"/>
						<line number="183" hits="1"/>
						<line number="203" hits="0"/>
						<line number="206" hits="1"/>
						<line number="226" hits="0"/>
						<line number="229" hits="1"/>
						<line number="247" hits="1"/>
						<line number="250" hits="1"/>
						<line number="254" hits="1"/>
						<line number="258" hits="1"/>
						<line number="261" hits="1"/>
						<line number="273" hits="1"/>
						<line number="276" hits="1"/>
						<line number="289" hits="1"/>
						<line number="290" hits="1"/>
						<line number="292" hits="0"/>
						<line number="294" hits="1"/>
						<line number="305" hits="1"/>
						<line number="308" hits="1"/>
						<line number="319" hits="1"/>
						<line number="322" hits="1"/>
						<line number="337" hits="1"/>
						<line number="340" hits="1"/>
						<line number="345" hits="1"/>
						<line number="348" hits="1"/>
						<line number="352" hits="1"/>
						<line number="355" hits="1"/>
						<line number="379" hits="1"/>
					</lines>
				</class>
			</classes>
		</package>
	</packages>
</coverage>
