<?xml version="1.0" ?>
<coverage version="7.11.3" timestamp="1762897103498" lines-valid="257" lines-covered="223" line-rate="0.8677" branches-covered="0" branches-valid="0" branch-rate="0" complexity="0">
	<!-- Generated by coverage.py: https://coverage.readthedocs.io/en/7.11.3 -->
	<!-- Based on https://raw.githubusercontent.com/cobertura/web/master/htdocs/xml/coverage-04.dtd -->
	<sources>
		<source>/Users/bsmith/bnjam/eo-processor</source>
	</sources>
	<packages>
		<package name="python.eo_processor" line-rate="0.8677" branch-rate="0" complexity="0">
			<classes>
				<class name="__init__.py" filename="python/eo_processor/__init__.py" complexity="0" line-rate="0.9556" branch-rate="0">
					<methods/>
					<lines>
						<line number="12" hits="1"/>
						<line number="34" hits="1"/>
						<line number="36" hits="1"/>
						<line number="60" hits="1"/>
						<line number="65" hits="1"/>
						<line number="68" hits="1"/>
						<line number="72" hits="1"/>
						<line number="75" hits="1"/>
						<line number="79" hits="1"/>
						<line number="82" hits="1"/>
						<line number="113" hits="1"/>
						<line number="114" hits="1"/>
						<line number="117" hits="1"/>
						<line number="135" hits="1"/>
						<line number="138" hits="1"/>
						<line number="156" hits="1"/>
						<line number="159" hits="1"/>
						<line number="181" hits="1"/>
						<line number="184" hits="1"/>
						<line number="204" hits="0"/>
						<line number="207" hits="1"/>
						<line number="227" hits="1"/>
						<line number="230" hits="1"/>
						<line number="248" hits="1"/>
						<line number="251" hits="1"/>
						<line number="255" hits="1"/>
						<line number="259" hits="1"/>
						<line number="262" hits="1"/>
						<line number="274" hits="1"/>
						<line number="277" hits="1"/>
						<line number="290" hits="1"/>
						<line number="291" hits="1"/>
						<line number="293" hits="0"/>
						<line number="296" hits="1"/>
						<line number="307" hits="1"/>
						<line number="310" hits="1"/>
						<line number="321" hits="1"/>
						<line number="324" hits="1"/>
						<line number="339" hits="1"/>
						<line number="342" hits="1"/>
						<line number="347" hits="1"/>
						<line number="350" hits="1"/>
						<line number="354" hits="1"/>
						<line number="357" hits="1"/>
						<line number="381" hits="1"/>
					</lines>
				</class>
				<class name="cli.py" filename="python/eo_processor/cli.py" complexity="0" line-rate="0.8491" branch-rate="0">
					<methods/>
					<lines>
						<line number="32" hits="1"/>
						<line number="34" hits="1"/>
						<line number="35" hits="1"/>
						<line number="36" hits="1"/>
						<line number="37" hits="1"/>
						<line number="38" hits="1"/>
						<line number="40" hits="1"/>
						<line number="43" hits="1"/>
						<line number="58" hits="1"/>
						<line number="61" hits="1"/>
						<line number="62" hits="1"/>
						<line number="63" hits="1"/>
						<line number="64" hits="1"/>
						<line number="65" hits="1"/>
						<line number="66" hits="1"/>
						<line number="68" hits="1"/>
						<line number="69" hits="0"/>
						<line number="73" hits="1"/>
						<line number="115" hits="1"/>
						<line number="116" hits="1"/>
						<line number="120" hits="1"/>
						<line number="126" hits="1"/>
						<line number="127" hits="1"/>
						<line number="128" hits="1"/>
						<line number="129" hits="1"/>
						<line number="130" hits="1"/>
						<line number="131" hits="1"/>
						<line number="132" hits="1"/>
						<line number="133" hits="1"/>
						<line number="135" hits="1"/>
						<line number="136" hits="1"/>
						<line number="137" hits="1"/>
						<line number="138" hits="1"/>
						<line number="139" hits="1"/>
						<line number="140" hits="1"/>
						<line number="142" hits="1"/>
						<line number="149" hits="1"/>
						<line number="154" hits="1"/>
						<line number="158" hits="1"/>
						<line number="162" hits="1"/>
						<line number="166" hits="1"/>
						<line number="172" hits="1"/>
						<line number="179" hits="1"/>
						<line number="184" hits="1"/>
						<line number="189" hits="1"/>
						<line number="192" hits="1"/>
						<line number="193" hits="1"/>
						<line number="194" hits="1"/>
						<line number="195" hits="1"/>
						<line number="196" hits="1"/>
						<line number="199" hits="1"/>
						<line number="200" hits="1"/>
						<line number="201" hits="0"/>
						<line number="202" hits="1"/>
						<line number="203" hits="1"/>
						<line number="204" hits="1"/>
						<line number="205" hits="1"/>
						<line number="206" hits="1"/>
						<line number="207" hits="1"/>
						<line number="210" hits="1"/>
						<line number="211" hits="1"/>
						<line number="212" hits="0"/>
						<line number="213" hits="1"/>
						<line number="216" hits="1"/>
						<line number="217" hits="1"/>
						<line number="218" hits="1"/>
						<line number="219" hits="1"/>
						<line number="220" hits="1"/>
						<line number="221" hits="1"/>
						<line number="222" hits="1"/>
						<line number="223" hits="1"/>
						<line number="226" hits="1"/>
						<line number="227" hits="1"/>
						<line number="228" hits="1"/>
						<line number="229" hits="0"/>
						<line number="230" hits="0"/>
						<line number="231" hits="0"/>
						<line number="232" hits="1"/>
						<line number="233" hits="1"/>
						<line number="234" hits="1"/>
						<line number="235" hits="1"/>
						<line number="236" hits="1"/>
						<line number="237" hits="1"/>
						<line number="238" hits="0"/>
						<line number="239" hits="0"/>
						<line number="240" hits="0"/>
						<line number="241" hits="1"/>
						<line number="242" hits="1"/>
						<line number="243" hits="0"/>
						<line number="245" hits="1"/>
						<line number="246" hits="1"/>
						<line number="247" hits="1"/>
						<line number="248" hits="1"/>
						<line number="251" hits="1"/>
						<line number="255" hits="1"/>
						<line number="256" hits="1"/>
						<line number="257" hits="1"/>
						<line number="258" hits="0"/>
						<line number="259" hits="1"/>
						<line number="260" hits="1"/>
						<line number="261" hits="1"/>
						<line number="262" hits="0"/>
						<line number="263" hits="1"/>
						<line number="264" hits="0"/>
						<line number="265" hits="1"/>
						<line number="266" hits="1"/>
						<line number="267" hits="1"/>
						<line number="268" hits="0"/>
						<line number="269" hits="1"/>
						<line number="270" hits="0"/>
						<line number="271" hits="1"/>
						<line number="272" hits="0"/>
						<line number="273" hits="1"/>
						<line number="274" hits="0"/>
						<line number="275" hits="1"/>
						<line number="276" hits="0"/>
						<line number="282" hits="1"/>
						<line number="283" hits="1"/>
						<line number="289" hits="0"/>
						<line number="292" hits="1"/>
						<line number="293" hits="1"/>
						<line number="294" hits="1"/>
						<line number="295" hits="1"/>
						<line number="296" hits="1"/>
						<line number="297" hits="1"/>
						<line number="298" hits="1"/>
						<line number="299" hits="1"/>
						<line number="300" hits="1"/>
						<line number="303" hits="1"/>
						<line number="304" hits="1"/>
						<line number="305" hits="1"/>
						<line number="307" hits="1"/>
						<line number="308" hits="1"/>
						<line number="309" hits="1"/>
						<line number="311" hits="1"/>
						<line number="312" hits="0"/>
						<line number="314" hits="1"/>
						<line number="315" hits="1"/>
						<line number="317" hits="1"/>
						<line number="318" hits="1"/>
						<line number="319" hits="1"/>
						<line number="320" hits="1"/>
						<line number="321" hits="1"/>
						<line number="322" hits="1"/>
						<line number="325" hits="1"/>
						<line number="326" hits="1"/>
						<line number="327" hits="1"/>
						<line number="328" hits="1"/>
						<line number="329" hits="0"/>
						<line number="330" hits="0"/>
						<line number="331" hits="0"/>
						<line number="334" hits="1"/>
						<line number="351" hits="1"/>
						<line number="352" hits="1"/>
						<line number="353" hits="1"/>
						<line number="354" hits="1"/>
						<line number="355" hits="1"/>
						<line number="356" hits="1"/>
						<line number="358" hits="1"/>
						<line number="359" hits="1"/>
						<line number="360" hits="1"/>
						<line number="361" hits="1"/>
						<line number="362" hits="1"/>
						<line number="363" hits="1"/>
						<line number="365" hits="1"/>
						<line number="366" hits="1"/>
						<line number="367" hits="1"/>
						<line number="368" hits="1"/>
						<line number="369" hits="1"/>
						<line number="370" hits="1"/>
						<line number="371" hits="1"/>
						<line number="372" hits="1"/>
						<line number="373" hits="1"/>
						<line number="376" hits="1"/>
						<line number="378" hits="1"/>
						<line number="379" hits="1"/>
						<line number="380" hits="1"/>
						<line number="381" hits="1"/>
						<line number="382" hits="0"/>
						<line number="383" hits="0"/>
						<line number="384" hits="1"/>
						<line number="385" hits="1"/>
						<line number="386" hits="1"/>
						<line number="387" hits="1"/>
						<line number="389" hits="0"/>
						<line number="390" hits="0"/>
						<line number="391" hits="0"/>
						<line number="392" hits="1"/>
						<line number="393" hits="1"/>
						<line number="394" hits="1"/>
						<line number="395" hits="1"/>
						<line number="396" hits="0"/>
						<line number="397" hits="0"/>
						<line number="398" hits="0"/>
						<line number="400" hits="1"/>
						<line number="401" hits="1"/>
						<line number="402" hits="1"/>
						<line number="404" hits="1"/>
						<line number="405" hits="1"/>
						<line number="406" hits="1"/>
						<line number="407" hits="1"/>
						<line number="408" hits="1"/>
						<line number="409" hits="1"/>
						<line number="410" hits="1"/>
						<line number="413" hits="1"/>
						<line number="414" hits="1"/>
						<line number="415" hits="1"/>
						<line number="416" hits="1"/>
						<line number="418" hits="1"/>
						<line number="419" hits="1"/>
						<line number="422" hits="1"/>
						<line number="423" hits="0"/>
					</lines>
				</class>
			</classes>
		</package>
	</packages>
</coverage>
